0 verbose cli /home/ubuntu/.nvm/versions/node/v22.13.0/bin/node /home/ubuntu/.nvm/versions/node/v22.13.0/bin/npm
1 info using npm@10.9.2
2 info using node@v22.13.0
3 silly config load:file:/home/ubuntu/.nvm/versions/node/v22.13.0/lib/node_modules/npm/npmrc
4 silly config load:file:/home/ubuntu/.npmrc
5 silly config load:file:/home/ubuntu/.nvm/versions/node/v22.13.0/etc/npmrc
6 verbose title npm install tailwindcss
7 verbose argv "install" "--save-dev" "tailwindcss"
8 verbose logfile logs-max:10 dir:/home/ubuntu/.npm/_logs/2025-12-03T07_54_43_575Z-
9 verbose logfile /home/ubuntu/.npm/_logs/2025-12-03T07_54_43_575Z-debug-0.log
10 silly logfile start cleaning logs, removing 1 files
11 silly logfile done cleaning log files
12 silly packumentCache heap:2116812800 maxSize:529203200 maxEntrySize:264601600
13 silly idealTree buildDeps
14 silly fetch manifest tailwindcss@^4.1.17
15 silly packumentCache full:https://registry.npmjs.org/tailwindcss cache-miss
16 http fetch GET 200 https://registry.npmjs.org/tailwindcss 153ms (cache revalidated)
17 silly packumentCache full:https://registry.npmjs.org/tailwindcss set size:9942795 disposed:false
18 silly placeDep ROOT tailwindcss@4.1.17 REPLACE for:  want: ^4.1.17
19 silly reify moves {}
20 silly audit bulk request {
20 silly audit   autoprefixer: [ '10.4.22' ],
20 silly audit   'baseline-browser-mapping': [ '2.8.32' ],
20 silly audit   browserslist: [ '4.28.0' ],
20 silly audit   'caniuse-lite': [ '1.0.30001759' ],
20 silly audit   'electron-to-chromium': [ '1.5.263' ],
20 silly audit   escalade: [ '3.2.0' ],
20 silly audit   'fraction.js': [ '5.3.4' ],
20 silly audit   nanoid: [ '3.3.11' ],
20 silly audit   'node-releases': [ '2.0.27' ],
20 silly audit   'normalize-range': [ '0.1.2' ],
20 silly audit   picocolors: [ '1.1.1' ],
20 silly audit   postcss: [ '8.5.6' ],
20 silly audit   'postcss-value-parser': [ '4.2.0' ],
20 silly audit   'source-map-js': [ '1.2.1' ],
20 silly audit   'update-browserslist-db': [ '1.1.4' ],
20 silly audit   tailwindcss: [ '4.1.17' ]
20 silly audit }
21 http fetch POST 200 https://registry.npmjs.org/-/npm/v1/security/advisories/bulk 101ms
22 silly audit report {}
23 verbose cwd /home/ubuntu
24 verbose os Linux 6.1.102
25 verbose node v22.13.0
26 verbose npm  v10.9.2
27 verbose exit 0
28 info ok
