0 verbose cli /home/ubuntu/.nvm/versions/node/v22.13.0/bin/node /home/ubuntu/.nvm/versions/node/v22.13.0/bin/npm
1 info using npm@10.9.2
2 info using node@v22.13.0
3 silly config load:file:/home/ubuntu/.nvm/versions/node/v22.13.0/lib/node_modules/npm/npmrc
4 silly config load:file:/home/ubuntu/.npmrc
5 silly config load:file:/home/ubuntu/.nvm/versions/node/v22.13.0/etc/npmrc
6 verbose title npm install tailwindcss postcss autoprefixer
7 verbose argv "install" "--save-dev" "tailwindcss" "postcss" "autoprefixer"
8 verbose logfile logs-max:10 dir:/home/ubuntu/.npm/_logs/2025-12-03T07_49_13_990Z-
9 verbose logfile /home/ubuntu/.npm/_logs/2025-12-03T07_49_13_990Z-debug-0.log
10 silly logfile done cleaning log files
11 silly packumentCache heap:2116812800 maxSize:529203200 maxEntrySize:264601600
12 silly idealTree buildDeps
13 silly fetch manifest autoprefixer@^10.4.22
14 silly packumentCache full:https://registry.npmjs.org/autoprefixer cache-miss
15 http cache https://registry.npmjs.org/autoprefixer 17ms (cache hit)
16 silly packumentCache full:https://registry.npmjs.org/autoprefixer set size:1250036 disposed:false
17 silly fetch manifest postcss@^8.5.6
18 silly packumentCache full:https://registry.npmjs.org/postcss cache-miss
19 http cache https://registry.npmjs.org/postcss 5ms (cache hit)
20 silly packumentCache full:https://registry.npmjs.org/postcss set size:696248 disposed:false
21 silly fetch manifest tailwindcss@^4.1.17
22 silly packumentCache full:https://registry.npmjs.org/tailwindcss cache-miss
23 http cache https://registry.npmjs.org/tailwindcss 26ms (cache hit)
24 silly packumentCache full:https://registry.npmjs.org/tailwindcss set size:9942795 disposed:false
25 silly placeDep ROOT autoprefixer@10.4.22 REPLACE for:  want: ^10.4.22
26 silly placeDep ROOT postcss@8.5.6 REPLACE for:  want: ^8.5.6
27 silly placeDep ROOT tailwindcss@4.1.17 REPLACE for:  want: ^4.1.17
28 silly reify moves {}
29 silly audit bulk request {
29 silly audit   'baseline-browser-mapping': [ '2.8.32' ],
29 silly audit   browserslist: [ '4.28.0' ],
29 silly audit   'caniuse-lite': [ '1.0.30001759' ],
29 silly audit   'electron-to-chromium': [ '1.5.263' ],
29 silly audit   escalade: [ '3.2.0' ],
29 silly audit   'fraction.js': [ '5.3.4' ],
29 silly audit   nanoid: [ '3.3.11' ],
29 silly audit   'node-releases': [ '2.0.27' ],
29 silly audit   'normalize-range': [ '0.1.2' ],
29 silly audit   picocolors: [ '1.1.1' ],
29 silly audit   'postcss-value-parser': [ '4.2.0' ],
29 silly audit   'source-map-js': [ '1.2.1' ],
29 silly audit   'update-browserslist-db': [ '1.1.4' ],
29 silly audit   autoprefixer: [ '10.4.22' ],
29 silly audit   postcss: [ '8.5.6' ],
29 silly audit   tailwindcss: [ '4.1.17' ]
29 silly audit }
30 http fetch POST 200 https://registry.npmjs.org/-/npm/v1/security/advisories/bulk 194ms
31 silly audit report {}
32 verbose cwd /home/ubuntu
33 verbose os Linux 6.1.102
34 verbose node v22.13.0
35 verbose npm  v10.9.2
36 verbose exit 0
37 info ok
