0 verbose cli /home/ubuntu/.nvm/versions/node/v22.13.0/bin/node /home/ubuntu/.nvm/versions/node/v22.13.0/bin/npm
1 info using npm@10.9.2
2 info using node@v22.13.0
3 silly config load:file:/home/ubuntu/.nvm/versions/node/v22.13.0/lib/node_modules/npm/npmrc
4 silly config load:file:/home/ubuntu/.npmrc
5 silly config load:file:/home/ubuntu/.nvm/versions/node/v22.13.0/etc/npmrc
6 verbose title npm install tailwindcss postcss autoprefixer
7 verbose argv "install" "--save-dev" "tailwindcss" "postcss" "autoprefixer"
8 verbose logfile logs-max:10 dir:/home/ubuntu/.npm/_logs/2025-12-03T07_50_26_963Z-
9 verbose logfile /home/ubuntu/.npm/_logs/2025-12-03T07_50_26_963Z-debug-0.log
10 silly logfile start cleaning logs, removing 1 files
11 silly logfile done cleaning log files
12 silly packumentCache heap:2116812800 maxSize:529203200 maxEntrySize:264601600
13 silly idealTree buildDeps
14 silly fetch manifest autoprefixer@^10.4.22
15 silly packumentCache full:https://registry.npmjs.org/autoprefixer cache-miss
16 http cache https://registry.npmjs.org/autoprefixer 20ms (cache hit)
17 silly packumentCache full:https://registry.npmjs.org/autoprefixer set size:1250036 disposed:false
18 silly fetch manifest postcss@^8.5.6
19 silly packumentCache full:https://registry.npmjs.org/postcss cache-miss
20 http cache https://registry.npmjs.org/postcss 7ms (cache hit)
21 silly packumentCache full:https://registry.npmjs.org/postcss set size:696248 disposed:false
22 silly fetch manifest tailwindcss@^4.1.17
23 silly packumentCache full:https://registry.npmjs.org/tailwindcss cache-miss
24 http cache https://registry.npmjs.org/tailwindcss 25ms (cache hit)
25 silly packumentCache full:https://registry.npmjs.org/tailwindcss set size:9942795 disposed:false
26 silly placeDep ROOT autoprefixer@10.4.22 REPLACE for:  want: ^10.4.22
27 silly placeDep ROOT postcss@8.5.6 REPLACE for:  want: ^8.5.6
28 silly placeDep ROOT tailwindcss@4.1.17 REPLACE for:  want: ^4.1.17
29 silly reify moves {}
30 silly audit bulk request {
30 silly audit   'baseline-browser-mapping': [ '2.8.32' ],
30 silly audit   browserslist: [ '4.28.0' ],
30 silly audit   'caniuse-lite': [ '1.0.30001759' ],
30 silly audit   'electron-to-chromium': [ '1.5.263' ],
30 silly audit   escalade: [ '3.2.0' ],
30 silly audit   'fraction.js': [ '5.3.4' ],
30 silly audit   nanoid: [ '3.3.11' ],
30 silly audit   'node-releases': [ '2.0.27' ],
30 silly audit   'normalize-range': [ '0.1.2' ],
30 silly audit   picocolors: [ '1.1.1' ],
30 silly audit   'postcss-value-parser': [ '4.2.0' ],
30 silly audit   'source-map-js': [ '1.2.1' ],
30 silly audit   'update-browserslist-db': [ '1.1.4' ],
30 silly audit   autoprefixer: [ '10.4.22' ],
30 silly audit   postcss: [ '8.5.6' ],
30 silly audit   tailwindcss: [ '4.1.17' ]
30 silly audit }
31 http fetch POST 200 https://registry.npmjs.org/-/npm/v1/security/advisories/bulk 184ms
32 silly audit report {}
33 verbose cwd /home/ubuntu
34 verbose os Linux 6.1.102
35 verbose node v22.13.0
36 verbose npm  v10.9.2
37 verbose exit 0
38 info ok
